#
# A fatal error has been detected by the Java Runtime Environment:
#
#  EXCEPTION_ACCESS_VIOLATION (0xc0000005) at pc=0x0000000050bf7c4a, pid=9020, tid=0x0000000000002cc0
#
# JRE version: Java(TM) SE Runtime Environment (8.0_291-b10) (build 1.8.0_291-b10)
# Java VM: Java HotSpot(TM) 64-Bit Server VM (25.291-b10 mixed mode windows-amd64 compressed oops)
# Problematic frame:
# V  [jvm.dll+0xb7c4a]
#
# Failed to write core dump. Minidumps are not enabled by default on client versions of Windows
#
# If you would like to submit a bug report, please visit:
#   http://bugreport.java.com/bugreport/crash.jsp
#

---------------  T H R E A D  ---------------

Current thread (0x000001c7efb0b000):  GCTaskThread [stack: 0x0000003de4d00000,0x0000003de4e00000] [id=11456]

siginfo: ExceptionCode=0xc0000005, reading address 0x0000000000000008

Registers:
RAX=0x0000000000000000, RBX=0x0000000781de29bc, RCX=0x0000000000000003, RDX=0x000000078079aaf8
RSP=0x0000003de4dff888, RBP=0x0000000000000000, RSI=0x000000078079aaf8, RDI=0x000001c7fb87ba80
R8 =0x0000000000000000, R9 =0x0000000000000001, R10=0x0000000000000004, R11=0x0000000781de26f8
R12=0x0000000000000000, R13=0x0000000000000000, R14=0x000001c7fb87ba80, R15=0x000001c7fb87bb00
RIP=0x0000000050bf7c4a, EFLAGS=0x0000000000010246

Top of Stack: (sp=0x0000003de4dff888)
0x0000003de4dff888:   0000000050f1290a 0000000000000004
0x0000003de4dff898:   0000000781de29a8 0000000000000001
0x0000003de4dff8a8:   0000000050c32f52 0000000781ddc030
0x0000003de4dff8b8:   0000000000001000 00000006c937e678
0x0000003de4dff8c8:   0000000000000400 000001c7fb87bb20
0x0000003de4dff8d8:   000001c7efaf9aa0 000001c7fb87ba80
0x0000003de4dff8e8:   0000000050f137e7 0000000781de29bc
0x0000003de4dff8f8:   0000000000000009 0000003de4dff960
0x0000003de4dff908:   000001c7fb87ba80 00000006c896b615
0x0000003de4dff918:   00000006c896b614 00000006c6dd1254
0x0000003de4dff928:   0000000050c5a37f 00000006c6dd125d
0x0000003de4dff938:   00000006c6dd125c 000000000000000a
0x0000003de4dff948:   0000000050f12d18 00000006c8254fb0
0x0000003de4dff958:   0000000050c5a292 00000006c8255000
0x0000003de4dff968:   000001c7efaf9aa0 000001c7efaf9b60
0x0000003de4dff978:   0000000000000000 000001c7fb87ba80 

Instructions: (pc=0x0000000050bf7c4a)
0x0000000050bf7c2a:   d1 45 84 c9 74 16 44 8b 41 08 8b 0d ae f0 6a 00
0x0000000050bf7c3a:   49 d3 e0 4c 03 05 9c f0 6a 00 eb 04 4c 8b 41 08
0x0000000050bf7c4a:   45 8b 50 08 45 85 d2 7e 0e 41 f6 c2 01 75 51 41
0x0000000050bf7c5a:   c1 fa 03 41 8b c2 c3 79 47 45 84 c9 b9 0c 00 00 


Register to memory mapping:

RAX=0x0000000000000000 is an unknown value
RBX=0x0000000781de29bc is an unknown value
RCX=0x0000000000000003 is an unknown value
RDX=0x000000078079aaf8 is an unknown value
RSP=0x0000003de4dff888 is an unknown value
RBP=0x0000000000000000 is an unknown value
RSI=0x000000078079aaf8 is an unknown value
RDI=0x000001c7fb87ba80 is an unknown value
R8 =0x0000000000000000 is an unknown value
R9 =0x0000000000000001 is an unknown value
R10=0x0000000000000004 is an unknown value
R11=0x0000000781de26f8 is an oop
[C 
 - klass: {type array char}
 - length: 89
R12=0x0000000000000000 is an unknown value
R13=0x0000000000000000 is an unknown value
R14=0x000001c7fb87ba80 is an unknown value
R15=0x000001c7fb87bb00 is an unknown value


Stack: [0x0000003de4d00000,0x0000003de4e00000],  sp=0x0000003de4dff888,  free space=1022k
Native frames: (J=compiled Java code, j=interpreted, Vv=VM code, C=native code)


---------------  P R O C E S S  ---------------

Java Threads: ( => current thread )
  0x000001c794d30800 JavaThread "AWT-Windows" daemon [_thread_in_native, id=4232, stack(0x0000003de8600000,0x0000003de8700000)]
  0x000001c794d2e800 JavaThread "Java2D Disposer" daemon [_thread_blocked, id=4164, stack(0x0000003de8400000,0x0000003de8500000)]
  0x000001c794d31800 JavaThread "Device List Monitor" [_thread_in_native, id=2084, stack(0x0000003de8200000,0x0000003de8300000)]
  0x000001c794d2d800 JavaThread "Monitor" [_thread_in_native, id=10276, stack(0x0000003de8100000,0x0000003de8200000)]
  0x000001c794d27800 JavaThread "Cache worker for execution history cache (C:\Users\Other\Documents\GitHub\AC-Wallet\android\.gradle\6.3\executionHistory)" [_thread_blocked, id=8508, stack(0x0000003de8000000,0x0000003de8100000)]
  0x000001c793254000 JavaThread "Cache worker for file content cache (C:\Users\Other\Documents\GitHub\AC-Wallet\android\.gradle\6.3\fileContent)" [_thread_blocked, id=2932, stack(0x0000003de7600000,0x0000003de7700000)]
  0x000001c793253000 JavaThread "Cache worker for file content cache (C:\Users\Other\.gradle\caches\6.3\fileContent)" [_thread_blocked, id=5908, stack(0x0000003de7500000,0x0000003de7600000)]
  0x000001c793252800 JavaThread "Memory manager" [_thread_blocked, id=8956, stack(0x0000003de7400000,0x0000003de7500000)]
  0x000001c79324a000 JavaThread "Cache worker for Build Output Cleanup Cache (C:\Users\Other\Documents\GitHub\AC-Wallet\android\.gradle\buildOutputCleanup)" [_thread_blocked, id=4984, stack(0x0000003de7300000,0x0000003de7400000)]
  0x000001c793251000 JavaThread "Build operations Thread 8" [_thread_blocked, id=4200, stack(0x0000003de7200000,0x0000003de7300000)]
  0x000001c79324c800 JavaThread "Build operations Thread 7" [_thread_blocked, id=4020, stack(0x0000003de7100000,0x0000003de7200000)]
  0x000001c79324f800 JavaThread "Build operations Thread 6" [_thread_blocked, id=4220, stack(0x0000003de7000000,0x0000003de7100000)]
  0x000001c79324b800 JavaThread "Build operations Thread 5" [_thread_blocked, id=3848, stack(0x0000003de6f00000,0x0000003de7000000)]
  0x000001c79324d000 JavaThread "Build operations Thread 4" [_thread_blocked, id=3568, stack(0x0000003de6e00000,0x0000003de6f00000)]
  0x000001c793249800 JavaThread "Build operations Thread 3" [_thread_blocked, id=5104, stack(0x0000003de6d00000,0x0000003de6e00000)]
  0x000001c793250000 JavaThread "Build operations Thread 2" [_thread_blocked, id=5100, stack(0x0000003de6c00000,0x0000003de6d00000)]
  0x000001c79324b000 JavaThread "Build operations" [_thread_blocked, id=2960, stack(0x0000003de6b00000,0x0000003de6c00000)]
  0x000001c78f267000 JavaThread "Cache worker for execution history cache (C:\Users\Other\.gradle\caches\6.3\executionHistory)" [_thread_blocked, id=1868, stack(0x0000003de6a00000,0x0000003de6b00000)]
  0x000001c78f269800 JavaThread "Cache worker for cache directory md-rule (C:\Users\Other\.gradle\caches\6.3\md-rule)" [_thread_blocked, id=4288, stack(0x0000003de6900000,0x0000003de6a00000)]
  0x000001c78f26a000 JavaThread "Cache worker for cache directory md-supplier (C:\Users\Other\.gradle\caches\6.3\md-supplier)" [_thread_blocked, id=11360, stack(0x0000003de6800000,0x0000003de6900000)]
  0x000001c78f265800 JavaThread "Cache worker for file hash cache (C:\Users\Other\Documents\GitHub\AC-Wallet\android\.gradle\6.3\fileHashes)" [_thread_blocked, id=2124, stack(0x0000003de6700000,0x0000003de6800000)]
  0x000001c78f26b800 JavaThread "Cache worker for checksums cache (C:\Users\Other\Documents\GitHub\AC-Wallet\android\.gradle\checksums)" [_thread_blocked, id=5116, stack(0x0000003de6600000,0x0000003de6700000)]
  0x000001c78f265000 JavaThread "Cache worker for file hash cache (C:\Users\Other\.gradle\caches\6.3\fileHashes)" [_thread_blocked, id=1344, stack(0x0000003de6500000,0x0000003de6600000)]
  0x000001c78f26b000 JavaThread "File lock request listener" [_thread_in_native, id=2316, stack(0x0000003de6400000,0x0000003de6500000)]
  0x000001c78f266800 JavaThread "Cache worker for journal cache (C:\Users\Other\.gradle\caches\journal-1)" [_thread_blocked, id=7040, stack(0x0000003de6300000,0x0000003de6400000)]
  0x000001c78f1d0000 JavaThread "Thread-9" [_thread_blocked, id=2180, stack(0x0000003de6200000,0x0000003de6300000)]
  0x000001c78f1cf800 JavaThread "Stdin handler" [_thread_blocked, id=7044, stack(0x0000003de6100000,0x0000003de6200000)]
  0x000001c78f1ce000 JavaThread "Asynchronous log dispatcher for DefaultDaemonConnection: socket connection from /127.0.0.1:56033 to /127.0.0.1:56034" [_thread_blocked, id=3420, stack(0x0000003de6000000,0x0000003de6100000)]
  0x000001c78f1d9800 JavaThread "Daemon worker" [_thread_blocked, id=2752, stack(0x0000003de5f00000,0x0000003de6000000)]
  0x000001c78f1c1000 JavaThread "Cancel handler" [_thread_blocked, id=1048, stack(0x0000003de5e00000,0x0000003de5f00000)]
  0x000001c78f18d000 JavaThread "Handler for socket connection from /127.0.0.1:56033 to /127.0.0.1:56034" [_thread_in_native, id=600, stack(0x0000003de5d00000,0x0000003de5e00000)]
  0x000001c78f18c800 JavaThread "Daemon" [_thread_blocked, id=7112, stack(0x0000003de5c00000,0x0000003de5d00000)]
  0x000001c78f13b000 JavaThread "Daemon periodic checks" [_thread_blocked, id=920, stack(0x0000003de5b00000,0x0000003de5c00000)]
  0x000001c78f063800 JavaThread "Incoming local TCP Connector on port 56033" [_thread_in_native, id=988, stack(0x0000003de5a00000,0x0000003de5b00000)]
  0x000001c78f041000 JavaThread "Daemon health stats" [_thread_blocked, id=4916, stack(0x0000003de5900000,0x0000003de5a00000)]
  0x000001c7fd780800 JavaThread "Service Thread" daemon [_thread_blocked, id=13296, stack(0x0000003de5700000,0x0000003de5800000)]
  0x000001c7fb8e8000 JavaThread "C1 CompilerThread3" daemon [_thread_blocked, id=12580, stack(0x0000003de5600000,0x0000003de5700000)]
  0x000001c7fb8e4800 JavaThread "C2 CompilerThread2" daemon [_thread_blocked, id=10696, stack(0x0000003de5500000,0x0000003de5600000)]
  0x000001c7fb8e0000 JavaThread "C2 CompilerThread1" daemon [_thread_blocked, id=7660, stack(0x0000003de5400000,0x0000003de5500000)]
  0x000001c7fb8dc000 JavaThread "C2 CompilerThread0" daemon [_thread_blocked, id=12472, stack(0x0000003de5300000,0x0000003de5400000)]
  0x000001c7fb8db000 JavaThread "Attach Listener" daemon [_thread_blocked, id=13280, stack(0x0000003de5200000,0x0000003de5300000)]
  0x000001c7fb8d8800 JavaThread "Signal Dispatcher" daemon [_thread_blocked, id=10040, stack(0x0000003de5100000,0x0000003de5200000)]
  0x000001c7fb8b4800 JavaThread "Finalizer" daemon [_thread_blocked, id=7684, stack(0x0000003de5000000,0x0000003de5100000)]
  0x000001c7fb8a5800 JavaThread "Reference Handler" daemon [_thread_blocked, id=10864, stack(0x0000003de4f00000,0x0000003de5000000)]
  0x000001c7efae3000 JavaThread "main" [_thread_blocked, id=12720, stack(0x0000003de4500000,0x0000003de4600000)]

Other Threads:
  0x000001c7fb87e800 VMThread [stack: 0x0000003de4e00000,0x0000003de4f00000] [id=12344]
  0x000001c7fb94e800 WatcherThread [stack: 0x0000003de5800000,0x0000003de5900000] [id=13192]

=>0x000001c7efb0b000 (exited) GCTaskThread [stack: 0x0000003de4d00000,0x0000003de4e00000] [id=11456]

VM state:at safepoint (normal execution)

VM Mutex/Monitor currently owned by a thread:  ([mutex/lock_event])
[0x000001c7efad7440] Threads_lock - owner thread: 0x000001c7fb87e800
[0x000001c7efadcaa0] Heap_lock - owner thread: 0x000001c793254000

heap address: 0x00000006c0000000, size: 4096 MB, Compressed Oops mode: Zero based, Oop shift amount: 3
Narrow klass base: 0x0000000000000000, Narrow klass shift: 3
Compressed class space size: 1073741824 Address: 0x00000007c0000000

Heap:
 PSYoungGen      total 410624K, used 379168K [0x000000076ab00000, 0x0000000786880000, 0x00000007c0000000)
  eden space 363520K, 100% used [0x000000076ab00000,0x0000000780e00000,0x0000000780e00000)
  from space 47104K, 33% used [0x0000000783a80000,0x00000007849c80e8,0x0000000786880000)
  to   space 45568K, 41% used [0x0000000780e00000,0x0000000782078040,0x0000000783a80000)
 ParOldGen       total 192000K, used 152665K [0x00000006c0000000, 0x00000006cbb80000, 0x000000076ab00000)
  object space 192000K, 79% used [0x00000006c0000000,0x00000006c95166f8,0x00000006cbb80000)
 Metaspace       used 78818K, capacity 86431K, committed 86656K, reserved 1122304K
  class space    used 10998K, capacity 12818K, committed 12928K, reserved 1048576K

Card table byte_map: [0x000001c7f18e0000,0x000001c7f20f0000] byte_map_base: 0x000001c7ee2e0000

Marking Bits: (ParMarkBitMap*) 0x0000000051327fe0
 Begin Bits: [0x000001c7f2650000, 0x000001c7f6650000)
 End Bits:   [0x000001c7f6650000, 0x000001c7fa650000)

Polling page: 0x000001c7efce0000

CodeCache: size=245760Kb used=40786Kb max_used=40893Kb free=204973Kb
 bounds [0x000001c780000000, 0x000001c782840000, 0x000001c78f000000]
 total_blobs=13059 nmethods=12186 adapters=782
 compilation: enabled

Compilation events (10 events):
Event: 50.780 Thread 0x000001c7fb8e8000 nmethod 14561 0x000001c7814ac2d0 code [0x000001c7814ac4a0, 0x000001c7814acbf0]
Event: 50.780 Thread 0x000001c7fb8e8000 14562       3       java.util.concurrent.ConcurrentLinkedQueue::first (65 bytes)
Event: 50.780 Thread 0x000001c7fb8e0000 14565  s    4       org.gradle.internal.concurrent.CompositeStoppable::add (16 bytes)
Event: 50.780 Thread 0x000001c7fb8e8000 nmethod 14562 0x000001c780fab2d0 code [0x000001c780fab460, 0x000001c780faba98]
Event: 50.780 Thread 0x000001c7fb8e8000 14564       3       org.gradle.internal.concurrent.CompositeStoppable$1::stop (1 bytes)
Event: 50.780 Thread 0x000001c7fb8e8000 nmethod 14564 0x000001c7813a72d0 code [0x000001c7813a7420, 0x000001c7813a7578]
Event: 50.780 Thread 0x000001c7fb8e8000 14563       3       org.gradle.internal.concurrent.CompositeStoppable::stoppable (12 bytes)
Event: 50.781 Thread 0x000001c7fb8e8000 nmethod 14563 0x000001c781af3dd0 code [0x000001c781af3fa0, 0x000001c781af4840]
Event: 50.781 Thread 0x000001c7fb8e8000 14566   !   3       org.gradle.internal.logging.services.DefaultLoggingManager$StartableLoggingSystem::stop (47 bytes)
Event: 50.781 Thread 0x000001c7fb8e8000 nmethod 14566 0x000001c7814a3e90 code [0x000001c7814a4000, 0x000001c7814a42f0]

GC Heap History (10 events):
Event: 27.793 GC heap after
Heap after GC invocations=13 (full 3):
 PSYoungGen      total 242176K, used 0K [0x000000076ab00000, 0x000000077b100000, 0x00000007c0000000)
  eden space 222720K, 0% used [0x000000076ab00000,0x000000076ab00000,0x0000000778480000)
  from space 19456K, 0% used [0x0000000779880000,0x0000000779880000,0x000000077ab80000)
  to   space 20480K, 0% used [0x0000000778480000,0x0000000778480000,0x0000000779880000)
 ParOldGen       total 192000K, used 37418K [0x00000006c0000000, 0x00000006cbb80000, 0x000000076ab00000)
  object space 192000K, 19% used [0x00000006c0000000,0x00000006c248aaa8,0x00000006cbb80000)
 Metaspace       used 56522K, capacity 58933K, committed 59160K, reserved 1099776K
  class space    used 7915K, capacity 8516K, committed 8576K, reserved 1048576K
}
Event: 31.407 GC heap before
{Heap before GC invocations=14 (full 3):
 PSYoungGen      total 242176K, used 222720K [0x000000076ab00000, 0x000000077b100000, 0x00000007c0000000)
  eden space 222720K, 100% used [0x000000076ab00000,0x0000000778480000,0x0000000778480000)
  from space 19456K, 0% used [0x0000000779880000,0x0000000779880000,0x000000077ab80000)
  to   space 20480K, 0% used [0x0000000778480000,0x0000000778480000,0x0000000779880000)
 ParOldGen       total 192000K, used 37418K [0x00000006c0000000, 0x00000006cbb80000, 0x000000076ab00000)
  object space 192000K, 19% used [0x00000006c0000000,0x00000006c248aaa8,0x00000006cbb80000)
 Metaspace       used 65350K, capacity 70139K, committed 70272K, reserved 1110016K
  class space    used 9246K, capacity 10536K, committed 10624K, reserved 1048576K
Event: 31.432 GC heap after
Heap after GC invocations=14 (full 3):
 PSYoungGen      total 243200K, used 20448K [0x000000076ab00000, 0x000000077f800000, 0x00000007c0000000)
  eden space 222720K, 0% used [0x000000076ab00000,0x000000076ab00000,0x0000000778480000)
  from space 20480K, 99% used [0x0000000778480000,0x0000000779878010,0x0000000779880000)
  to   space 27648K, 0% used [0x000000077dd00000,0x000000077dd00000,0x000000077f800000)
 ParOldGen       total 192000K, used 50902K [0x00000006c0000000, 0x00000006cbb80000, 0x000000076ab00000)
  object space 192000K, 26% used [0x00000006c0000000,0x00000006c31b5bf0,0x00000006cbb80000)
 Metaspace       used 65350K, capacity 70139K, committed 70272K, reserved 1110016K
  class space    used 9246K, capacity 10536K, committed 10624K, reserved 1048576K
}
Event: 34.459 GC heap before
{Heap before GC invocations=15 (full 3):
 PSYoungGen      total 243200K, used 243168K [0x000000076ab00000, 0x000000077f800000, 0x00000007c0000000)
  eden space 222720K, 100% used [0x000000076ab00000,0x0000000778480000,0x0000000778480000)
  from space 20480K, 99% used [0x0000000778480000,0x0000000779878010,0x0000000779880000)
  to   space 27648K, 0% used [0x000000077dd00000,0x000000077dd00000,0x000000077f800000)
 ParOldGen       total 192000K, used 50902K [0x00000006c0000000, 0x00000006cbb80000, 0x000000076ab00000)
  object space 192000K, 26% used [0x00000006c0000000,0x00000006c31b5bf0,0x00000006cbb80000)
 Metaspace       used 69917K, capacity 75601K, committed 75648K, reserved 1114112K
  class space    used 9776K, capacity 11365K, committed 11392K, reserved 1048576K
Event: 34.501 GC heap after
Heap after GC invocations=15 (full 3):
 PSYoungGen      total 299520K, used 27632K [0x000000076ab00000, 0x0000000781800000, 0x00000007c0000000)
  eden space 271872K, 0% used [0x000000076ab00000,0x000000076ab00000,0x000000077b480000)
  from space 27648K, 99% used [0x000000077dd00000,0x000000077f7fc020,0x000000077f800000)
  to   space 41472K, 0% used [0x000000077b480000,0x000000077b480000,0x000000077dd00000)
 ParOldGen       total 192000K, used 77318K [0x00000006c0000000, 0x00000006cbb80000, 0x000000076ab00000)
  object space 192000K, 40% used [0x00000006c0000000,0x00000006c4b81ac8,0x00000006cbb80000)
 Metaspace       used 69917K, capacity 75601K, committed 75648K, reserved 1114112K
  class space    used 9776K, capacity 11365K, committed 11392K, reserved 1048576K
}
Event: 36.926 GC heap before
{Heap before GC invocations=16 (full 3):
 PSYoungGen      total 299520K, used 299504K [0x000000076ab00000, 0x0000000781800000, 0x00000007c0000000)
  eden space 271872K, 100% used [0x000000076ab00000,0x000000077b480000,0x000000077b480000)
  from space 27648K, 99% used [0x000000077dd00000,0x000000077f7fc020,0x000000077f800000)
  to   space 41472K, 0% used [0x000000077b480000,0x000000077b480000,0x000000077dd00000)
 ParOldGen       total 192000K, used 77318K [0x00000006c0000000, 0x00000006cbb80000, 0x000000076ab00000)
  object space 192000K, 40% used [0x00000006c0000000,0x00000006c4b81ac8,0x00000006cbb80000)
 Metaspace       used 72887K, capacity 79669K, committed 79872K, reserved 1118208K
  class space    used 10245K, capacity 11947K, committed 12032K, reserved 1048576K
Event: 36.970 GC heap after
Heap after GC invocations=16 (full 3):
 PSYoungGen      total 313344K, used 40246K [0x000000076ab00000, 0x0000000786880000, 0x00000007c0000000)
  eden space 271872K, 0% used [0x000000076ab00000,0x000000076ab00000,0x000000077b480000)
  from space 41472K, 97% used [0x000000077b480000,0x000000077dbcdae8,0x000000077dd00000)
  to   space 47104K, 0% used [0x0000000783a80000,0x0000000783a80000,0x0000000786880000)
 ParOldGen       total 192000K, used 103599K [0x00000006c0000000, 0x00000006cbb80000, 0x000000076ab00000)
  object space 192000K, 53% used [0x00000006c0000000,0x00000006c652bd10,0x00000006cbb80000)
 Metaspace       used 72887K, capacity 79669K, committed 79872K, reserved 1118208K
  class space    used 10245K, capacity 11947K, committed 12032K, reserved 1048576K
}
Event: 39.078 GC heap before
{Heap before GC invocations=17 (full 3):
 PSYoungGen      total 313344K, used 312118K [0x000000076ab00000, 0x0000000786880000, 0x00000007c0000000)
  eden space 271872K, 100% used [0x000000076ab00000,0x000000077b480000,0x000000077b480000)
  from space 41472K, 97% used [0x000000077b480000,0x000000077dbcdae8,0x000000077dd00000)
  to   space 47104K, 0% used [0x0000000783a80000,0x0000000783a80000,0x0000000786880000)
 ParOldGen       total 192000K, used 103599K [0x00000006c0000000, 0x00000006cbb80000, 0x000000076ab00000)
  object space 192000K, 53% used [0x00000006c0000000,0x00000006c652bd10,0x00000006cbb80000)
 Metaspace       used 74238K, capacity 81663K, committed 81920K, reserved 1118208K
  class space    used 10434K, capacity 12198K, committed 12288K, reserved 1048576K
Event: 39.112 GC heap after
Heap after GC invocations=17 (full 3):
 PSYoungGen      total 410624K, used 15648K [0x000000076ab00000, 0x0000000786880000, 0x00000007c0000000)
  eden space 363520K, 0% used [0x000000076ab00000,0x000000076ab00000,0x0000000780e00000)
  from space 47104K, 33% used [0x0000000783a80000,0x00000007849c80e8,0x0000000786880000)
  to   space 45568K, 0% used [0x0000000780e00000,0x0000000780e00000,0x0000000783a80000)
 ParOldGen       total 192000K, used 140754K [0x00000006c0000000, 0x00000006cbb80000, 0x000000076ab00000)
  object space 192000K, 73% used [0x00000006c0000000,0x00000006c8974830,0x00000006cbb80000)
 Metaspace       used 74238K, capacity 81663K, committed 81920K, reserved 1118208K
  class space    used 10434K, capacity 12198K, committed 12288K, reserved 1048576K
}
Event: 50.782 GC heap before
{Heap before GC invocations=18 (full 3):
 PSYoungGen      total 410624K, used 379168K [0x000000076ab00000, 0x0000000786880000, 0x00000007c0000000)
  eden space 363520K, 100% used [0x000000076ab00000,0x0000000780e00000,0x0000000780e00000)
  from space 47104K, 33% used [0x0000000783a80000,0x00000007849c80e8,0x0000000786880000)
  to   space 45568K, 0% used [0x0000000780e00000,0x0000000780e00000,0x0000000783a80000)
 ParOldGen       total 192000K, used 140754K [0x00000006c0000000, 0x00000006cbb80000, 0x000000076ab00000)
  object space 192000K, 73% used [0x00000006c0000000,0x00000006c8974830,0x00000006cbb80000)
 Metaspace       used 78818K, capacity 86431K, committed 86656K, reserved 1122304K
  class space    used 10998K, capacity 12818K, committed 12928K, reserved 1048576K

Deoptimization events (10 events):
Event: 42.718 Thread 0x000001c793257000 Uncommon trap: reason=class_check action=maybe_recompile pc=0x000001c7821fdde0 method=org.gradle.internal.logging.sink.ProgressLogEventGenerator.onOutput(Lorg/gradle/internal/logging/events/OutputEvent;)V @ 19
Event: 42.719 Thread 0x000001c793257000 Uncommon trap: reason=bimorphic action=maybe_recompile pc=0x000001c7821eb46c method=org.gradle.launcher.daemon.server.exec.LogToClient$AsynchronousLogDispatcher$1.isMatchingBuildLogLevel(Lorg/gradle/internal/logging/events/OutputEvent;)Z @ 1
Event: 42.719 Thread 0x000001c793257000 Uncommon trap: reason=bimorphic action=maybe_recompile pc=0x000001c7821f5df4 method=org.gradle.internal.logging.console.BuildLogLevelFilterRenderer.onOutput(Lorg/gradle/internal/logging/events/OutputEvent;)V @ 1
Event: 42.719 Thread 0x000001c793257000 Uncommon trap: reason=class_check action=maybe_recompile pc=0x000001c7821fdde0 method=org.gradle.internal.logging.sink.ProgressLogEventGenerator.onOutput(Lorg/gradle/internal/logging/events/OutputEvent;)V @ 19
Event: 42.727 Thread 0x000001c793257000 Uncommon trap: reason=class_check action=maybe_recompile pc=0x000001c78223bac0 method=org.gradle.internal.logging.sink.OutputEventTransformer.onOutput(Lorg/gradle/internal/logging/events/OutputEvent;)V @ 328
Event: 42.760 Thread 0x000001c793257000 Uncommon trap: reason=unstable_if action=reinterpret pc=0x000001c7823ce7ac method=sun.nio.ch.IOUtil.writeFromNativeBuffer(Ljava/io/FileDescriptor;Ljava/nio/ByteBuffer;JLsun/nio/ch/NativeDispatcher;)I @ 121
Event: 50.753 Thread 0x000001c78f1d9800 Uncommon trap: reason=bimorphic action=maybe_recompile pc=0x000001c781db433c method=java.util.HashMap.removeNode(ILjava/lang/Object;Ljava/lang/Object;ZZ)Ljava/util/HashMap$Node; @ 143
Event: 50.754 Thread 0x000001c78f1d9800 Uncommon trap: reason=class_check action=maybe_recompile pc=0x000001c782696920 method=org.gradle.internal.work.DefaultWorkerLeaseService$DefaultWorkerLease.releaseLock()V @ 24
Event: 50.763 Thread 0x000001c78f1d9800 Uncommon trap: reason=unstable_if action=reinterpret pc=0x000001c7816fd608 method=org.gradle.internal.operations.DefaultBuildOperationExecutor.assertParentRunning(Ljava/lang/String;Lorg/gradle/internal/operations/BuildOperationDescriptor;Lorg/gradle/inter
Event: 50.763 Thread 0x000001c78f1d9800 Uncommon trap: reason=null_check action=make_not_entrant pc=0x000001c78171057c method=org.gradle.internal.operations.DefaultBuildOperationExecutor.maybeStopUnmanagedThreadOperation()V @ 6

Classes redefined (0 events):
No events

Internal exceptions (10 events):
Event: 50.741 Thread 0x000001c78f1d9800 Exception <a 'sun/nio/fs/WindowsException'> (0x0000000780d0ee08) thrown at [C:\jenkins\workspace\8-2-build-windows-amd64-cygwin\jdk8u291\1294\hotspot\src\share\vm\prims\jni.cpp, line 710]
Event: 50.742 Thread 0x000001c78f1d9800 Exception <a 'sun/nio/fs/WindowsException'> (0x0000000780d10870) thrown at [C:\jenkins\workspace\8-2-build-windows-amd64-cygwin\jdk8u291\1294\hotspot\src\share\vm\prims\jni.cpp, line 710]
Event: 50.743 Thread 0x000001c78f1d9800 Exception <a 'sun/nio/fs/WindowsException'> (0x0000000780d122f0) thrown at [C:\jenkins\workspace\8-2-build-windows-amd64-cygwin\jdk8u291\1294\hotspot\src\share\vm\prims\jni.cpp, line 710]
Event: 50.743 Thread 0x000001c78f1d9800 Exception <a 'sun/nio/fs/WindowsException'> (0x0000000780d13d70) thrown at [C:\jenkins\workspace\8-2-build-windows-amd64-cygwin\jdk8u291\1294\hotspot\src\share\vm\prims\jni.cpp, line 710]
Event: 50.745 Thread 0x000001c78f1d9800 Exception <a 'sun/nio/fs/WindowsException'> (0x0000000780d15828) thrown at [C:\jenkins\workspace\8-2-build-windows-amd64-cygwin\jdk8u291\1294\hotspot\src\share\vm\prims\jni.cpp, line 710]
Event: 50.746 Thread 0x000001c78f1d9800 Exception <a 'sun/nio/fs/WindowsException'> (0x0000000780d17288) thrown at [C:\jenkins\workspace\8-2-build-windows-amd64-cygwin\jdk8u291\1294\hotspot\src\share\vm\prims\jni.cpp, line 710]
Event: 50.747 Thread 0x000001c78f1d9800 Exception <a 'sun/nio/fs/WindowsException'> (0x0000000780d18ce0) thrown at [C:\jenkins\workspace\8-2-build-windows-amd64-cygwin\jdk8u291\1294\hotspot\src\share\vm\prims\jni.cpp, line 710]
Event: 50.748 Thread 0x000001c78f1d9800 Exception <a 'sun/nio/fs/WindowsException'> (0x0000000780d1a748) thrown at [C:\jenkins\workspace\8-2-build-windows-amd64-cygwin\jdk8u291\1294\hotspot\src\share\vm\prims\jni.cpp, line 710]
Event: 50.749 Thread 0x000001c78f1d9800 Exception <a 'sun/nio/fs/WindowsException'> (0x0000000780d1c1d0) thrown at [C:\jenkins\workspace\8-2-build-windows-amd64-cygwin\jdk8u291\1294\hotspot\src\share\vm\prims\jni.cpp, line 710]
Event: 50.763 Thread 0x000001c78f1d9800 Implicit null exception at 0x000001c7816fc9b0 to 0x000001c7816fd5f5

Events (10 events):
Event: 50.776 loading class org/apache/tools/ant/UnsupportedElementException done
Event: 50.776 loading class org/apache/tools/ant/IntrospectionHelper$13
Event: 50.776 loading class org/apache/tools/ant/IntrospectionHelper$13 done
Event: 50.777 loading class org/apache/tools/ant/IntrospectionHelper$1
Event: 50.777 loading class org/apache/tools/ant/IntrospectionHelper$1 done
Event: 50.778 loading class org/apache/tools/ant/ComponentHelper
Event: 50.778 loading class org/apache/tools/ant/ComponentHelper done
Event: 50.778 loading class org/apache/tools/ant/ComponentHelper
Event: 50.778 loading class org/apache/tools/ant/ComponentHelper done
Event: 50.781 Executing VM operation: ParallelGCFailedAllocation


Dynamic libraries:
0x00007ff7aa6e0000 - 0x00007ff7aa727000 	C:\Program Files\Java\jdk1.8.0_291\bin\java.exe
0x00007ffd6b040000 - 0x00007ffd6b247000 	C:\WINDOWS\SYSTEM32\ntdll.dll
0x00007ffd69c40000 - 0x00007ffd69cfd000 	C:\WINDOWS\System32\KERNEL32.DLL
0x00007ffd686a0000 - 0x00007ffd68a14000 	C:\WINDOWS\System32\KERNELBASE.dll
0x00007ffd69ac0000 - 0x00007ffd69b6c000 	C:\WINDOWS\System32\ADVAPI32.dll
0x00007ffd6ac40000 - 0x00007ffd6ace3000 	C:\WINDOWS\System32\msvcrt.dll
0x00007ffd69ba0000 - 0x00007ffd69c3d000 	C:\WINDOWS\System32\sechost.dll
0x00007ffd69350000 - 0x00007ffd69471000 	C:\WINDOWS\System32\RPCRT4.dll
0x00007ffd6a200000 - 0x00007ffd6a3ac000 	C:\WINDOWS\System32\USER32.dll
0x00007ffd68c00000 - 0x00007ffd68c26000 	C:\WINDOWS\System32\win32u.dll
0x00007ffd69480000 - 0x00007ffd694a9000 	C:\WINDOWS\System32\GDI32.dll
0x00007ffd68ae0000 - 0x00007ffd68bf2000 	C:\WINDOWS\System32\gdi32full.dll
0x00007ffd68ca0000 - 0x00007ffd68d3d000 	C:\WINDOWS\System32\msvcp_win.dll
0x00007ffd68d40000 - 0x00007ffd68e51000 	C:\WINDOWS\System32\ucrtbase.dll
0x00007ffd3e7d0000 - 0x00007ffd3ea75000 	C:\WINDOWS\WinSxS\amd64_microsoft.windows.common-controls_6595b64144ccf1df_6.0.22000.51_none_25c0e06ad7789dba\COMCTL32.dll
0x00007ffd69d00000 - 0x00007ffd69d31000 	C:\WINDOWS\System32\IMM32.DLL
0x00007ffce73d0000 - 0x00007ffce73e5000 	C:\Program Files\Java\jdk1.8.0_291\jre\bin\vcruntime140.dll
0x00007ffce7330000 - 0x00007ffce73cb000 	C:\Program Files\Java\jdk1.8.0_291\jre\bin\msvcp140.dll
0x0000000050b40000 - 0x00000000513a0000 	C:\Program Files\Java\jdk1.8.0_291\jre\bin\server\jvm.dll
0x00007ffd6a1f0000 - 0x00007ffd6a1f8000 	C:\WINDOWS\System32\PSAPI.DLL
0x00007ffd569d0000 - 0x00007ffd569d9000 	C:\WINDOWS\SYSTEM32\WSOCK32.dll
0x00007ffd5be00000 - 0x00007ffd5be33000 	C:\WINDOWS\SYSTEM32\WINMM.dll
0x00007ffd69590000 - 0x00007ffd695ff000 	C:\WINDOWS\System32\WS2_32.dll
0x00007ffd61700000 - 0x00007ffd6170a000 	C:\WINDOWS\SYSTEM32\VERSION.dll
0x00007ffd67750000 - 0x00007ffd67767000 	C:\WINDOWS\SYSTEM32\kernel.appcore.dll
0x00007ffd1cbc0000 - 0x00007ffd1cbd0000 	C:\Program Files\Java\jdk1.8.0_291\jre\bin\verify.dll
0x00007ffce7300000 - 0x00007ffce732b000 	C:\Program Files\Java\jdk1.8.0_291\jre\bin\java.dll
0x00007ffce72e0000 - 0x00007ffce72f8000 	C:\Program Files\Java\jdk1.8.0_291\jre\bin\zip.dll
0x00007ffd6a3b0000 - 0x00007ffd6ab45000 	C:\WINDOWS\System32\SHELL32.dll
0x00007ffd666f0000 - 0x00007ffd66f4e000 	C:\WINDOWS\SYSTEM32\windows.storage.dll
0x00007ffd69600000 - 0x00007ffd69976000 	C:\WINDOWS\System32\combase.dll
0x00007ffd66580000 - 0x00007ffd666e6000 	C:\WINDOWS\SYSTEM32\wintypes.dll
0x00007ffd6a090000 - 0x00007ffd6a17a000 	C:\WINDOWS\System32\SHCORE.dll
0x00007ffd6ade0000 - 0x00007ffd6ae3d000 	C:\WINDOWS\System32\shlwapi.dll
0x00007ffd68460000 - 0x00007ffd68481000 	C:\WINDOWS\SYSTEM32\profapi.dll
0x00007ffd39bb0000 - 0x00007ffd39bcc000 	C:\Program Files\Java\jdk1.8.0_291\jre\bin\net.dll
0x00007ffd67b60000 - 0x00007ffd67bc7000 	C:\WINDOWS\system32\mswsock.dll
0x00007ffd39b90000 - 0x00007ffd39ba3000 	C:\Program Files\Java\jdk1.8.0_291\jre\bin\nio.dll
0x00007ffce73f0000 - 0x00007ffce7417000 	C:\Users\Other\.gradle\native\c976cfcca226fdd4bee4412e95191dd41148b7504f9625baeda1d523bc39a967\windows-amd64\native-platform.dll
0x00007ffd39b80000 - 0x00007ffd39b8d000 	C:\Program Files\Java\jdk1.8.0_291\jre\bin\management.dll
0x00007ffd67da0000 - 0x00007ffd67db8000 	C:\WINDOWS\SYSTEM32\CRYPTSP.dll
0x00007ffd676b0000 - 0x00007ffd676e5000 	C:\WINDOWS\system32\rsaenh.dll
0x00007ffd67c50000 - 0x00007ffd67c79000 	C:\WINDOWS\SYSTEM32\USERENV.dll
0x00007ffd67f20000 - 0x00007ffd67f47000 	C:\WINDOWS\SYSTEM32\bcrypt.dll
0x00007ffd68e60000 - 0x00007ffd68ee0000 	C:\WINDOWS\System32\bcryptprimitives.dll
0x00007ffd67dc0000 - 0x00007ffd67dcc000 	C:\WINDOWS\SYSTEM32\CRYPTBASE.dll
0x00007ffd67290000 - 0x00007ffd672bd000 	C:\WINDOWS\SYSTEM32\IPHLPAPI.DLL
0x00007ffd69ee0000 - 0x00007ffd69ee9000 	C:\WINDOWS\System32\NSI.dll
0x00007ffd637c0000 - 0x00007ffd637d9000 	C:\WINDOWS\SYSTEM32\dhcpcsvc6.DLL
0x00007ffd63ce0000 - 0x00007ffd63cfe000 	C:\WINDOWS\SYSTEM32\dhcpcsvc.DLL
0x00007ffd672c0000 - 0x00007ffd673a7000 	C:\WINDOWS\SYSTEM32\DNSAPI.dll
0x00007ffd39970000 - 0x00007ffd39b05000 	C:\Program Files\Java\jdk1.8.0_291\jre\bin\awt.dll
0x00007ffd694b0000 - 0x00007ffd69586000 	C:\WINDOWS\System32\OLEAUT32.dll
0x00007ffd65b30000 - 0x00007ffd65bc2000 	C:\WINDOWS\SYSTEM32\apphelp.dll
0x00007ffd65cd0000 - 0x00007ffd65d7c000 	C:\WINDOWS\system32\uxtheme.dll
0x00007ffd69f70000 - 0x00007ffd6a08e000 	C:\WINDOWS\System32\MSCTF.dll
0x00007ffd69d40000 - 0x00007ffd69eda000 	C:\WINDOWS\System32\ole32.dll
0x00007ffd54960000 - 0x00007ffd54b81000 	C:\WINDOWS\SYSTEM32\dbghelp.dll

VM Arguments:
jvm_args: -XX:MaxPermSize=4096m -XX:+HeapDumpOnOutOfMemoryError -Xmx4096m -Dfile.encoding=windows-1252 -Duser.country=US -Duser.language=en -Duser.variant 
java_command: org.gradle.launcher.daemon.bootstrap.GradleDaemon 6.3
java_class_path (initial): C:\Users\Other\.gradle\wrapper\dists\gradle-6.3-all\b4awcolw9l59x95tu1obfh9i8\gradle-6.3\lib\gradle-launcher-6.3.jar
Launcher Type: SUN_STANDARD

Environment Variables:
CLASSPATH=C:\Users\Other\Documents\GitHub\AC-Wallet\android\\gradle\wrapper\gradle-wrapper.jar
PATH=C:\Users\Other\Documents\GitHub\AC-Wallet\android\node_modules\.bin;C:\Users\Other\Documents\GitHub\AC-Wallet\node_modules\.bin;C:\Users\Other\Documents\GitHub\node_modules\.bin;C:\Users\Other\Documents\node_modules\.bin;C:\Users\Other\node_modules\.bin;C:\Users\node_modules\.bin;C:\node_modules\.bin;C:\Program Files\nodejs;C:\Users\Other\AppData\Local\Temp\yarn--1626171026336-0.8527803405337842;C:\Users\Other\Documents\GitHub\AC-Wallet\node_modules\.bin;C:\Users\Other\AppData\Local\Yarn\Data\link\node_modules\.bin;C:\Users\Other\AppData\Local\Yarn\bin;C:\Program Files\libexec\lib\node_modules\npm\bin\node-gyp-bin;C:\Program Files\lib\node_modules\npm\bin\node-gyp-bin;C:\Program Files\nodejs\node_modules\npm\bin\node-gyp-bin;C:\Program Files (x86)\Common Files\Oracle\Java\javapath;C:\WINDOWS\system32;C:\WINDOWS;C:\WINDOWS\System32\Wbem;C:\WINDOWS\System32\WindowsPowerShell\v1.0\;C:\WINDOWS\System32\OpenSSH\;C:\Program Files\nodejs\;C:\Program Files\Git\cmd;C:\Users\Other\AppData\Local\Android\Sdk\platform-tools;C:\Users\Other\AppData\Roaming\npm\yarn.ps1;C:\Users\Other\AppData\Local\Microsoft\WindowsApps;C:\Users\Other\AppData\Roaming\npm;C:\Users\Other\AppData\Local\Programs\Microsoft VS Code\bin;C:\Users\Other\AppData\Local\GitHubDesktop\bin;C:\Users\Other\AppData\Roaming\npm\yarn.ps1;
USERNAME=Other
OS=Windows_NT
PROCESSOR_IDENTIFIER=Intel64 Family 6 Model 165 Stepping 3, GenuineIntel



---------------  S Y S T E M  ---------------

OS: Windows 10.0 , 64 bit Build 22000 (10.0.22000.37)

CPU:total 8 (initial active 8) (4 cores per cpu, 2 threads per core) family 6 model 165 stepping 3, cmov, cx8, fxsr, mmx, sse, sse2, sse3, ssse3, sse4.1, sse4.2, popcnt, avx, avx2, aes, clmul, erms, 3dnowpref, lzcnt, ht, tsc, tscinvbit, bmi1, bmi2, adx

Memory: 4k page, physical 16400708k(2254028k free), swap 36323652k(21392424k free)

vm_info: Java HotSpot(TM) 64-Bit Server VM (25.291-b10) for windows-amd64 JRE (1.8.0_291-b10), built on Apr  9 2021 00:02:00 by "java_re" with MS VC++ 15.9 (VS2017)

time: Tue Jul 13 17:11:55 2021
timezone: SE Asia Standard Time
elapsed time: 50.832693 seconds (0d 0h 0m 50s)

